2023-12-26 21:33:07.597453 - дату и время вызова функции
hello_world - имя функции
(),{} - аргументы, с которыми вызвалась
Hello World - возвращаемое значение

2023-12-26 21:33:07.600455 - дату и время вызова функции
summator - имя функции
(2, 2),{} - аргументы, с которыми вызвалась
4 - возвращаемое значение

2023-12-26 21:33:07.602454 - дату и время вызова функции
div - имя функции
(6, 2),{} - аргументы, с которыми вызвалась
3.0 - возвращаемое значение

2023-12-26 21:33:07.604454 - дату и время вызова функции
summator - имя функции
(4.3,),{'b': 2.2} - аргументы, с которыми вызвалась
6.5 - возвращаемое значение

2023-12-26 21:33:07.605453 - дату и время вызова функции
summator - имя функции
(),{'a': 0, 'b': 0} - аргументы, с которыми вызвалась
0 - возвращаемое значение

